[debug] [2022-09-14T14:19:53.673Z] ----------------------------------------------------------------------
[debug] [2022-09-14T14:19:53.678Z] Command:       C:\Program Files\nodejs\node.exe C:\Users\Latitude\AppData\Roaming\npm\node_modules\firebase-tools\lib\bin\firebase.js init
[debug] [2022-09-14T14:19:53.680Z] CLI Version:   11.9.0
[debug] [2022-09-14T14:19:53.680Z] Platform:      win32
[debug] [2022-09-14T14:19:53.680Z] Node Version:  v16.13.1
[debug] [2022-09-14T14:19:53.692Z] Time:          Wed Sep 14 2022 15:19:53 GMT+0100 (UTC+01:00)
[debug] [2022-09-14T14:19:53.692Z] ----------------------------------------------------------------------
[debug] 
[debug] [2022-09-14T14:19:53.714Z] >>> [apiv2][query] GET https://firebase-public.firebaseio.com/cli.json [none]
[debug] [2022-09-14T14:19:53.786Z] > command requires scopes: ["email","openid","https://www.googleapis.com/auth/cloudplatformprojects.readonly","https://www.googleapis.com/auth/firebase","https://www.googleapis.com/auth/cloud-platform"]
[debug] [2022-09-14T14:19:53.787Z] > authorizing via signed-in user (difussion.software@gmail.com)
[info] 
     ######## #### ########  ######## ########     ###     ######  ########
     ##        ##  ##     ## ##       ##     ##  ##   ##  ##       ##
     ######    ##  ########  ######   ########  #########  ######  ######
     ##        ##  ##    ##  ##       ##     ## ##     ##       ## ##
     ##       #### ##     ## ######## ########  ##     ##  ######  ########

You're about to initialize a Firebase project in this directory:

  C:\Users\Latitude\Desktop\demo1

[debug] [2022-09-14T14:19:54.458Z] <<< [apiv2][status] GET https://firebase-public.firebaseio.com/cli.json 200
[debug] [2022-09-14T14:19:54.459Z] <<< [apiv2][body] GET https://firebase-public.firebaseio.com/cli.json {"cloudBuildErrorAfter":1594252800000,"cloudBuildWarnAfter":1590019200000,"defaultNode10After":1594252800000,"minVersion":"3.0.5","node8DeploysDisabledAfter":1613390400000,"node8RuntimeDisabledAfter":1615809600000,"node8WarnAfter":1600128000000}
